<?xml version="1.0" encoding="UTF-8"?>
<!-- Generated by org.testng.reporters.JUnitXMLReporter -->
<testsuite hostname="DELL-PC" name="Chrome" tests="5" failures="0" timestamp="10 Jun 2017 10:24:22 GMT" time="15.958" errors="0">
  <testcase name="@BeforeMethod launchApp" time="0.0" classname="scripts.Scenario_Cart">
    <failure type="org.openqa.selenium.WebDriverException" message="unknown error: cannot get automation extension
from unknown error: page could not be found: chrome-extension://aapnijgdinlhnhlmodcfapnahmbfebeb/_generated_background_page.html
  (Session info: chrome=58.0.3029.110)
  (Driver info: chromedriver=2.25.426923 (0390b88869384d6eb0d5d09729679f934aab9eed),platform=Windows NT 6.1.7601 SP1 x86) (WARNING: The server did not provide any stacktrace information)
Command duration or timeout: 10.02 seconds
Build info: version: &amp;apos;2.53.0&amp;apos;, revision: &amp;apos;35ae25b1534ae328c771e0856c93e187490ca824&amp;apos;, time: &amp;apos;2016-03-15 10:43:46&amp;apos;
System info: host: &amp;apos;DELL-PC&amp;apos;, ip: &amp;apos;192.168.0.20&amp;apos;, os.name: &amp;apos;Windows 7&amp;apos;, os.arch: &amp;apos;x86&amp;apos;, os.version: &amp;apos;6.1&amp;apos;, java.version: &amp;apos;1.8.0_101&amp;apos;
Driver info: org.openqa.selenium.chrome.ChromeDriver
Capabilities [{applicationCacheEnabled=false, rotatable=false, mobileEmulationEnabled=false, networkConnectionEnabled=false, chrome={chromedriverVersion=2.25.426923 (0390b88869384d6eb0d5d09729679f934aab9eed), userDataDir=C:\Users\DELL\AppData\Local\Temp\scoped_dir6964_2146}, takesHeapSnapshot=true, pageLoadStrategy=normal, databaseEnabled=false, handlesAlerts=true, hasTouchScreen=false, version=58.0.3029.110, platform=XP, browserConnectionEnabled=false, nativeEvents=true, acceptSslCerts=true, locationContextEnabled=true, webStorageEnabled=true, browserName=chrome, takesScreenshot=true, javascriptEnabled=true, cssSelectorsEnabled=true}]
Session ID: d2993ba7b7492f2f52edef5459c8cfdd">
      <![CDATA[org.openqa.selenium.WebDriverException: unknown error: cannot get automation extension
from unknown error: page could not be found: chrome-extension://aapnijgdinlhnhlmodcfapnahmbfebeb/_generated_background_page.html
  (Session info: chrome=58.0.3029.110)
  (Driver info: chromedriver=2.25.426923 (0390b88869384d6eb0d5d09729679f934aab9eed),platform=Windows NT 6.1.7601 SP1 x86) (WARNING: The server did not provide any stacktrace information)
Command duration or timeout: 10.02 seconds
Build info: version: '2.53.0', revision: '35ae25b1534ae328c771e0856c93e187490ca824', time: '2016-03-15 10:43:46'
System info: host: 'DELL-PC', ip: '192.168.0.20', os.name: 'Windows 7', os.arch: 'x86', os.version: '6.1', java.version: '1.8.0_101'
Driver info: org.openqa.selenium.chrome.ChromeDriver
Capabilities [{applicationCacheEnabled=false, rotatable=false, mobileEmulationEnabled=false, networkConnectionEnabled=false, chrome={chromedriverVersion=2.25.426923 (0390b88869384d6eb0d5d09729679f934aab9eed), userDataDir=C:\Users\DELL\AppData\Local\Temp\scoped_dir6964_2146}, takesHeapSnapshot=true, pageLoadStrategy=normal, databaseEnabled=false, handlesAlerts=true, hasTouchScreen=false, version=58.0.3029.110, platform=XP, browserConnectionEnabled=false, nativeEvents=true, acceptSslCerts=true, locationContextEnabled=true, webStorageEnabled=true, browserName=chrome, takesScreenshot=true, javascriptEnabled=true, cssSelectorsEnabled=true}]
Session ID: d2993ba7b7492f2f52edef5459c8cfdd
	at org.openqa.selenium.remote.ErrorHandler.createThrowable(ErrorHandler.java:206)
	at org.openqa.selenium.remote.ErrorHandler.throwIfResponseFailed(ErrorHandler.java:158)
	at org.openqa.selenium.remote.RemoteWebDriver.execute(RemoteWebDriver.java:678)
	at org.openqa.selenium.remote.RemoteWebDriver$RemoteWebDriverOptions$RemoteWindow.maximize(RemoteWebDriver.java:945)
	at commonLibraries.Base.launchApp(Base.java:65)
	at java.util.concurrent.FutureTask.run(FutureTask.java:266)
	at java.util.concurrent.ThreadPoolExecutor.runWorker(ThreadPoolExecutor.java:1142)
	at java.util.concurrent.ThreadPoolExecutor$Worker.run(ThreadPoolExecutor.java:617)
	at java.lang.Thread.run(Thread.java:745)
... Removed 22 stack frames]]>
    </failure>
  </testcase> <!-- @BeforeMethod launchApp -->
  <testcase name="@AfterMethod tearDown" time="0.0" classname="scripts.Scenario_Cart">
    <skipped/>
  </testcase> <!-- @AfterMethod tearDown -->
  <testcase name="@BeforeMethod launchApp" time="0.0" classname="scripts.Scenario_Search">
    <skipped/>
  </testcase> <!-- @BeforeMethod launchApp -->
  <testcase name="@AfterMethod tearDown" time="0.0" classname="scripts.Scenario_Search">
    <skipped/>
  </testcase> <!-- @AfterMethod tearDown -->
  <testcase name="@BeforeMethod launchApp" time="0.0" classname="scripts.Scenario_Search">
    <skipped/>
  </testcase> <!-- @BeforeMethod launchApp -->
  <testcase name="@AfterMethod tearDown" time="0.0" classname="scripts.Scenario_Search">
    <skipped/>
  </testcase> <!-- @AfterMethod tearDown -->
  <testcase name="@BeforeMethod launchApp" time="0.0" classname="scripts.Scenario_Search">
    <skipped/>
  </testcase> <!-- @BeforeMethod launchApp -->
  <testcase name="@AfterMethod tearDown" time="0.0" classname="scripts.Scenario_Search">
    <skipped/>
  </testcase> <!-- @AfterMethod tearDown -->
  <testcase name="@BeforeMethod launchApp" time="0.0" classname="scripts.Scenario_Search">
    <skipped/>
  </testcase> <!-- @BeforeMethod launchApp -->
  <testcase name="@AfterMethod tearDown" time="0.0" classname="scripts.Scenario_Search">
    <skipped/>
  </testcase> <!-- @AfterMethod tearDown -->
  <testcase name="addbook" time="0.0" classname="scripts.Scenario_Cart">
    <skipped/>
  </testcase> <!-- addbook -->
  <testcase name="validsearch" time="0.0" classname="scripts.Scenario_Search">
    <skipped/>
  </testcase> <!-- validsearch -->
  <testcase name="validsearch" time="0.0" classname="scripts.Scenario_Search">
    <skipped/>
  </testcase> <!-- validsearch -->
  <testcase name="validsearch" time="0.0" classname="scripts.Scenario_Search">
    <skipped/>
  </testcase> <!-- validsearch -->
  <testcase name="invalidsearch" time="0.0" classname="scripts.Scenario_Search">
    <skipped/>
  </testcase> <!-- invalidsearch -->
</testsuite> <!-- Chrome -->
