<html>
<head>
<title>TestNG:  Chrome</title>
<link href="../testng.css" rel="stylesheet" type="text/css" />
<link href="../my-testng.css" rel="stylesheet" type="text/css" />

<style type="text/css">
.log { display: none;} 
.stack-trace { display: none;} 
</style>
<script type="text/javascript">
<!--
function flip(e) {
  current = e.style.display;
  if (current == 'block') {
    e.style.display = 'none';
    return 0;
  }
  else {
    e.style.display = 'block';
    return 1;
  }
}

function toggleBox(szDivId, elem, msg1, msg2)
{
  var res = -1;  if (document.getElementById) {
    res = flip(document.getElementById(szDivId));
  }
  else if (document.all) {
    // this is the way old msie versions work
    res = flip(document.all[szDivId]);
  }
  if(elem) {
    if(res == 0) elem.innerHTML = msg1; else elem.innerHTML = msg2;
  }

}

function toggleAllBoxes() {
  if (document.getElementsByTagName) {
    d = document.getElementsByTagName('div');
    for (i = 0; i < d.length; i++) {
      if (d[i].className == 'log') {
        flip(d[i]);
      }
    }
  }
}

// -->
</script>

</head>
<body>
<h2 align='center'>Chrome</h2><table border='1' align="center">
<tr>
<td>Tests passed/Failed/Skipped:</td><td>0/0/5</td>
</tr><tr>
<td>Started on:</td><td>Sat Jun 10 15:54:06 IST 2017</td>
</tr>
<tr><td>Total time:</td><td>15 seconds (15958 ms)</td>
</tr><tr>
<td>Included groups:</td><td></td>
</tr><tr>
<td>Excluded groups:</td><td></td>
</tr>
</table><p/>
<small><i>(Hover the method name to see the test class name)</i></small><p/>
<table width='100%' border='1' class='invocation-failed'>
<tr><td colspan='4' align='center'><b>FAILED CONFIGURATIONS</b></td></tr>
<tr><td><b>Test method</b></td>
<td width="30%"><b>Exception</b></td>
<td width="10%"><b>Time (seconds)</b></td>
<td><b>Instance</b></td>
</tr>
<tr>
<td title='scripts.Scenario_Cart.launchApp()'><b>launchApp</b><br>Test class: scripts.Scenario_Cart<br>Parameters: chrome</td>
<td><div><pre>org.openqa.selenium.WebDriverException: unknown error: cannot get automation extension
from unknown error: page could not be found: chrome-extension://aapnijgdinlhnhlmodcfapnahmbfebeb/_generated_background_page.html
  (Session info: chrome=58.0.3029.110)
  (Driver info: chromedriver=2.25.426923 (0390b88869384d6eb0d5d09729679f934aab9eed),platform=Windows NT 6.1.7601 SP1 x86) (WARNING: The server did not provide any stacktrace information)
Command duration or timeout: 10.02 seconds
Build info: version: &apos;2.53.0&apos;, revision: &apos;35ae25b1534ae328c771e0856c93e187490ca824&apos;, time: &apos;2016-03-15 10:43:46&apos;
System info: host: &apos;DELL-PC&apos;, ip: &apos;192.168.0.20&apos;, os.name: &apos;Windows 7&apos;, os.arch: &apos;x86&apos;, os.version: &apos;6.1&apos;, java.version: &apos;1.8.0_101&apos;
Driver info: org.openqa.selenium.chrome.ChromeDriver
Capabilities [{applicationCacheEnabled=false, rotatable=false, mobileEmulationEnabled=false, networkConnectionEnabled=false, chrome={chromedriverVersion=2.25.426923 (0390b88869384d6eb0d5d09729679f934aab9eed), userDataDir=C:\Users\DELL\AppData\Local\Temp\scoped_dir6964_2146}, takesHeapSnapshot=true, pageLoadStrategy=normal, databaseEnabled=false, handlesAlerts=true, hasTouchScreen=false, version=58.0.3029.110, platform=XP, browserConnectionEnabled=false, nativeEvents=true, acceptSslCerts=true, locationContextEnabled=true, webStorageEnabled=true, browserName=chrome, takesScreenshot=true, javascriptEnabled=true, cssSelectorsEnabled=true}]
Session ID: d2993ba7b7492f2f52edef5459c8cfdd
	at org.openqa.selenium.remote.ErrorHandler.createThrowable(ErrorHandler.java:206)
	at org.openqa.selenium.remote.ErrorHandler.throwIfResponseFailed(ErrorHandler.java:158)
	at org.openqa.selenium.remote.RemoteWebDriver.execute(RemoteWebDriver.java:678)
	at org.openqa.selenium.remote.RemoteWebDriver$RemoteWebDriverOptions$RemoteWindow.maximize(RemoteWebDriver.java:945)
	at commonLibraries.Base.launchApp(Base.java:65)
	at java.util.concurrent.FutureTask.run(FutureTask.java:266)
	at java.util.concurrent.ThreadPoolExecutor.runWorker(ThreadPoolExecutor.java:1142)
	at java.util.concurrent.ThreadPoolExecutor$Worker.run(ThreadPoolExecutor.java:617)
	at java.lang.Thread.run(Thread.java:745)
... Removed 22 stack frames</pre></div><a href='#' onClick='toggleBox("stack-trace12812055", this, "Click to show all stack frames", "Click to hide stack frames")'>Click to show all stack frames</a>
<div class='stack-trace' id='stack-trace12812055'><pre>org.openqa.selenium.WebDriverException: unknown error: cannot get automation extension
from unknown error: page could not be found: chrome-extension://aapnijgdinlhnhlmodcfapnahmbfebeb/_generated_background_page.html
  (Session info: chrome=58.0.3029.110)
  (Driver info: chromedriver=2.25.426923 (0390b88869384d6eb0d5d09729679f934aab9eed),platform=Windows NT 6.1.7601 SP1 x86) (WARNING: The server did not provide any stacktrace information)
Command duration or timeout: 10.02 seconds
Build info: version: &apos;2.53.0&apos;, revision: &apos;35ae25b1534ae328c771e0856c93e187490ca824&apos;, time: &apos;2016-03-15 10:43:46&apos;
System info: host: &apos;DELL-PC&apos;, ip: &apos;192.168.0.20&apos;, os.name: &apos;Windows 7&apos;, os.arch: &apos;x86&apos;, os.version: &apos;6.1&apos;, java.version: &apos;1.8.0_101&apos;
Driver info: org.openqa.selenium.chrome.ChromeDriver
Capabilities [{applicationCacheEnabled=false, rotatable=false, mobileEmulationEnabled=false, networkConnectionEnabled=false, chrome={chromedriverVersion=2.25.426923 (0390b88869384d6eb0d5d09729679f934aab9eed), userDataDir=C:\Users\DELL\AppData\Local\Temp\scoped_dir6964_2146}, takesHeapSnapshot=true, pageLoadStrategy=normal, databaseEnabled=false, handlesAlerts=true, hasTouchScreen=false, version=58.0.3029.110, platform=XP, browserConnectionEnabled=false, nativeEvents=true, acceptSslCerts=true, locationContextEnabled=true, webStorageEnabled=true, browserName=chrome, takesScreenshot=true, javascriptEnabled=true, cssSelectorsEnabled=true}]
Session ID: d2993ba7b7492f2f52edef5459c8cfdd
	at sun.reflect.NativeConstructorAccessorImpl.newInstance0(Native Method)
	at sun.reflect.NativeConstructorAccessorImpl.newInstance(NativeConstructorAccessorImpl.java:62)
	at sun.reflect.DelegatingConstructorAccessorImpl.newInstance(DelegatingConstructorAccessorImpl.java:45)
	at java.lang.reflect.Constructor.newInstance(Constructor.java:423)
	at org.openqa.selenium.remote.ErrorHandler.createThrowable(ErrorHandler.java:206)
	at org.openqa.selenium.remote.ErrorHandler.throwIfResponseFailed(ErrorHandler.java:158)
	at org.openqa.selenium.remote.RemoteWebDriver.execute(RemoteWebDriver.java:678)
	at org.openqa.selenium.remote.RemoteWebDriver$RemoteWebDriverOptions$RemoteWindow.maximize(RemoteWebDriver.java:945)
	at commonLibraries.Base.launchApp(Base.java:65)
	at sun.reflect.NativeMethodAccessorImpl.invoke0(Native Method)
	at sun.reflect.NativeMethodAccessorImpl.invoke(NativeMethodAccessorImpl.java:62)
	at sun.reflect.DelegatingMethodAccessorImpl.invoke(DelegatingMethodAccessorImpl.java:43)
	at java.lang.reflect.Method.invoke(Method.java:498)
	at org.testng.internal.MethodInvocationHelper.invokeMethod(MethodInvocationHelper.java:85)
	at org.testng.internal.Invoker.invokeConfigurationMethod(Invoker.java:510)
	at org.testng.internal.Invoker.invokeConfigurations(Invoker.java:211)
	at org.testng.internal.Invoker.invokeMethod(Invoker.java:585)
	at org.testng.internal.Invoker.invokeTestMethod(Invoker.java:816)
	at org.testng.internal.Invoker.invokeTestMethods(Invoker.java:1124)
	at org.testng.internal.TestMethodWorker.invokeTestMethods(TestMethodWorker.java:125)
	at org.testng.internal.TestMethodWorker.run(TestMethodWorker.java:108)
	at org.testng.TestRunner.privateRun(TestRunner.java:774)
	at org.testng.TestRunner.run(TestRunner.java:624)
	at org.testng.SuiteRunner.runTest(SuiteRunner.java:359)
	at org.testng.SuiteRunner.access$000(SuiteRunner.java:39)
	at org.testng.SuiteRunner$SuiteWorker.run(SuiteRunner.java:393)
	at org.testng.internal.thread.ThreadUtil$2.call(ThreadUtil.java:64)
	at java.util.concurrent.FutureTask.run(FutureTask.java:266)
	at java.util.concurrent.ThreadPoolExecutor.runWorker(ThreadPoolExecutor.java:1142)
	at java.util.concurrent.ThreadPoolExecutor$Worker.run(ThreadPoolExecutor.java:617)
	at java.lang.Thread.run(Thread.java:745)
</pre></div></td>
<td>0</td>
<td>scripts.Scenario_Cart@25b2fe</td></tr>
</table><p>
<table width='100%' border='1' class='invocation-skipped'>
<tr><td colspan='4' align='center'><b>SKIPPED CONFIGURATIONS</b></td></tr>
<tr><td><b>Test method</b></td>
<td width="30%"><b>Exception</b></td>
<td width="10%"><b>Time (seconds)</b></td>
<td><b>Instance</b></td>
</tr>
<tr>
<td title='scripts.Scenario_Search.launchApp()'><b>launchApp</b><br>Test class: scripts.Scenario_Search</td>
<td></td>
<td>0</td>
<td>scripts.Scenario_Search@14ba872</td></tr>
<tr>
<td title='scripts.Scenario_Search.launchApp()'><b>launchApp</b><br>Test class: scripts.Scenario_Search</td>
<td></td>
<td>0</td>
<td>scripts.Scenario_Search@14ba872</td></tr>
<tr>
<td title='scripts.Scenario_Search.launchApp()'><b>launchApp</b><br>Test class: scripts.Scenario_Search</td>
<td></td>
<td>0</td>
<td>scripts.Scenario_Search@14ba872</td></tr>
<tr>
<td title='scripts.Scenario_Search.launchApp()'><b>launchApp</b><br>Test class: scripts.Scenario_Search</td>
<td></td>
<td>0</td>
<td>scripts.Scenario_Search@14ba872</td></tr>
<tr>
<td title='scripts.Scenario_Cart.tearDown()'><b>tearDown</b><br>Test class: scripts.Scenario_Cart</td>
<td></td>
<td>0</td>
<td>scripts.Scenario_Cart@25b2fe</td></tr>
<tr>
<td title='scripts.Scenario_Search.tearDown()'><b>tearDown</b><br>Test class: scripts.Scenario_Search</td>
<td></td>
<td>0</td>
<td>scripts.Scenario_Search@14ba872</td></tr>
<tr>
<td title='scripts.Scenario_Search.tearDown()'><b>tearDown</b><br>Test class: scripts.Scenario_Search</td>
<td></td>
<td>0</td>
<td>scripts.Scenario_Search@14ba872</td></tr>
<tr>
<td title='scripts.Scenario_Search.tearDown()'><b>tearDown</b><br>Test class: scripts.Scenario_Search</td>
<td></td>
<td>0</td>
<td>scripts.Scenario_Search@14ba872</td></tr>
<tr>
<td title='scripts.Scenario_Search.tearDown()'><b>tearDown</b><br>Test class: scripts.Scenario_Search</td>
<td></td>
<td>0</td>
<td>scripts.Scenario_Search@14ba872</td></tr>
</table><p>
<table width='100%' border='1' class='invocation-skipped'>
<tr><td colspan='4' align='center'><b>SKIPPED TESTS</b></td></tr>
<tr><td><b>Test method</b></td>
<td width="30%"><b>Exception</b></td>
<td width="10%"><b>Time (seconds)</b></td>
<td><b>Instance</b></td>
</tr>
<tr>
<td title='scripts.Scenario_Cart.addbook()'><b>addbook</b><br>Test class: scripts.Scenario_Cart<br>Parameters: {Order=1.0, Script=addbook, TC_ID=GB_12, Execute=Y, Username=qtpworld2008@gmail.com, searchbook=flood and fire, Password=learn123}</td>
<td></td>
<td>0</td>
<td>scripts.Scenario_Cart@25b2fe</td></tr>
<tr>
<td title='scripts.Scenario_Search.invalidsearch()'><b>invalidsearch</b><br>Test class: scripts.Scenario_Search<br>Parameters: {Order=1.0, Script=invalidsearch, searchoptions=sdkjf, TC_ID=GB_08, Execute=Y, expected=Sorry..'sdkjf' does not match any product on Rediff Books.}</td>
<td></td>
<td>0</td>
<td>scripts.Scenario_Search@14ba872</td></tr>
<tr>
<td title='scripts.Scenario_Search.validsearch()'><b>validsearch</b><br>Test class: scripts.Scenario_Search<br>Parameters: {Order=1.0, Script=validsearch, searchoptions=Ways, TC_ID=GB_09, Execute=Y, expected=234.0}</td>
<td></td>
<td>0</td>
<td>scripts.Scenario_Search@14ba872</td></tr>
<tr>
<td title='scripts.Scenario_Search.validsearch()'><b>validsearch</b><br>Test class: scripts.Scenario_Search<br>Parameters: {Order=1.0, Script=validsearch, searchoptions=chandler, TC_ID=GB_10, Execute=Y, expected=23.0}</td>
<td></td>
<td>0</td>
<td>scripts.Scenario_Search@14ba872</td></tr>
<tr>
<td title='scripts.Scenario_Search.validsearch()'><b>validsearch</b><br>Test class: scripts.Scenario_Search<br>Parameters: {Order=1.0, Script=validsearch, searchoptions=Jaico, TC_ID=GB_11, Execute=Y, expected=34.0}</td>
<td></td>
<td>0</td>
<td>scripts.Scenario_Search@14ba872</td></tr>
</table><p>
</body>
</html>